Determining if the Q_WS_X11 exist failed with the following output:
Change Dir: /Users/michaelguarino/RenderWindowUISingleInheritance/CMakeFiles/CMakeTmp

Run Build Command:/usr/bin/make "cmTryCompileExec270459091/fast"
/usr/bin/make -f CMakeFiles/cmTryCompileExec270459091.dir/build.make CMakeFiles/cmTryCompileExec270459091.dir/build
"/Applications/CMake 2.8-10.app/Contents/bin/cmake" -E cmake_progress_report /Users/michaelguarino/RenderWindowUISingleInheritance/CMakeFiles/CMakeTmp/CMakeFiles 1
Building CXX object CMakeFiles/cmTryCompileExec270459091.dir/CheckSymbolExists.cxx.o
/usr/bin/c++    -Wno-deprecated -mlong-branch   -F/Library/Frameworks    -o CMakeFiles/cmTryCompileExec270459091.dir/CheckSymbolExists.cxx.o -c /Users/michaelguarino/RenderWindowUISingleInheritance/CMakeFiles/CMakeTmp/CheckSymbolExists.cxx
/Users/michaelguarino/RenderWindowUISingleInheritance/CMakeFiles/CMakeTmp/CheckSymbolExists.cxx: In function ‘int main(int, char**)’:
/Users/michaelguarino/RenderWindowUISingleInheritance/CMakeFiles/CMakeTmp/CheckSymbolExists.cxx:8: error: ‘Q_WS_X11’ was not declared in this scope
make[1]: *** [CMakeFiles/cmTryCompileExec270459091.dir/CheckSymbolExists.cxx.o] Error 1
make: *** [cmTryCompileExec270459091/fast] Error 2

File /Users/michaelguarino/RenderWindowUISingleInheritance/CMakeFiles/CMakeTmp/CheckSymbolExists.cxx:
/* */
#include <QtCore/qglobal.h>

int main(int argc, char** argv)
{
  (void)argv;
#ifndef Q_WS_X11
  return ((int*)(&Q_WS_X11))[argc];
#else
  (void)argc;
  return 0;
#endif
}

Determining if the Q_WS_WIN exist failed with the following output:
Change Dir: /Users/michaelguarino/RenderWindowUISingleInheritance/CMakeFiles/CMakeTmp

Run Build Command:/usr/bin/make "cmTryCompileExec2899048579/fast"
/usr/bin/make -f CMakeFiles/cmTryCompileExec2899048579.dir/build.make CMakeFiles/cmTryCompileExec2899048579.dir/build
"/Applications/CMake 2.8-10.app/Contents/bin/cmake" -E cmake_progress_report /Users/michaelguarino/RenderWindowUISingleInheritance/CMakeFiles/CMakeTmp/CMakeFiles 1
Building CXX object CMakeFiles/cmTryCompileExec2899048579.dir/CheckSymbolExists.cxx.o
/usr/bin/c++    -Wno-deprecated -mlong-branch   -F/Library/Frameworks    -o CMakeFiles/cmTryCompileExec2899048579.dir/CheckSymbolExists.cxx.o -c /Users/michaelguarino/RenderWindowUISingleInheritance/CMakeFiles/CMakeTmp/CheckSymbolExists.cxx
/Users/michaelguarino/RenderWindowUISingleInheritance/CMakeFiles/CMakeTmp/CheckSymbolExists.cxx: In function ‘int main(int, char**)’:
/Users/michaelguarino/RenderWindowUISingleInheritance/CMakeFiles/CMakeTmp/CheckSymbolExists.cxx:8: error: ‘Q_WS_WIN’ was not declared in this scope
make[1]: *** [CMakeFiles/cmTryCompileExec2899048579.dir/CheckSymbolExists.cxx.o] Error 1
make: *** [cmTryCompileExec2899048579/fast] Error 2

File /Users/michaelguarino/RenderWindowUISingleInheritance/CMakeFiles/CMakeTmp/CheckSymbolExists.cxx:
/* */
#include <QtCore/qglobal.h>

int main(int argc, char** argv)
{
  (void)argv;
#ifndef Q_WS_WIN
  return ((int*)(&Q_WS_WIN))[argc];
#else
  (void)argc;
  return 0;
#endif
}

Determining if the Q_WS_QWS exist failed with the following output:
Change Dir: /Users/michaelguarino/RenderWindowUISingleInheritance/CMakeFiles/CMakeTmp

Run Build Command:/usr/bin/make "cmTryCompileExec1929991009/fast"
/usr/bin/make -f CMakeFiles/cmTryCompileExec1929991009.dir/build.make CMakeFiles/cmTryCompileExec1929991009.dir/build
"/Applications/CMake 2.8-10.app/Contents/bin/cmake" -E cmake_progress_report /Users/michaelguarino/RenderWindowUISingleInheritance/CMakeFiles/CMakeTmp/CMakeFiles 1
Building CXX object CMakeFiles/cmTryCompileExec1929991009.dir/CheckSymbolExists.cxx.o
/usr/bin/c++    -Wno-deprecated -mlong-branch   -F/Library/Frameworks    -o CMakeFiles/cmTryCompileExec1929991009.dir/CheckSymbolExists.cxx.o -c /Users/michaelguarino/RenderWindowUISingleInheritance/CMakeFiles/CMakeTmp/CheckSymbolExists.cxx
/Users/michaelguarino/RenderWindowUISingleInheritance/CMakeFiles/CMakeTmp/CheckSymbolExists.cxx: In function ‘int main(int, char**)’:
/Users/michaelguarino/RenderWindowUISingleInheritance/CMakeFiles/CMakeTmp/CheckSymbolExists.cxx:8: error: ‘Q_WS_QWS’ was not declared in this scope
make[1]: *** [CMakeFiles/cmTryCompileExec1929991009.dir/CheckSymbolExists.cxx.o] Error 1
make: *** [cmTryCompileExec1929991009/fast] Error 2

File /Users/michaelguarino/RenderWindowUISingleInheritance/CMakeFiles/CMakeTmp/CheckSymbolExists.cxx:
/* */
#include <QtCore/qglobal.h>

int main(int argc, char** argv)
{
  (void)argv;
#ifndef Q_WS_QWS
  return ((int*)(&Q_WS_QWS))[argc];
#else
  (void)argc;
  return 0;
#endif
}

